<?xml version="1.0" encoding="UTF-8"?>
<robot generator="Robot 3.2.2 (Python 3.10.2 on win32)" generated="20220126 20:03:36.719" rpa="false">
<suite id="s1" name="TestesCorreios" source="C:\Projetos\TestesWeb\Correios\tests\TestesCorreios.robot">
<test id="s1-t1" name="CT 01 - Usando o Dropdown no site dos correios">
<kw name="Abrir navegador" library="Resource" type="setup">
<kw name="Open Browser" library="SeleniumLibrary">
<doc>Opens a new browser instance to the optional ``url``.</doc>
<arguments>
<arg>about:blank</arg>
<arg>${BROWSER}</arg>
</arguments>
<msg timestamp="20220126 20:03:37.155" level="INFO">Opening browser 'firefox' to base url 'about:blank'.</msg>
<msg timestamp="20220126 20:03:37.157" level="INFO">Firefox driver log is always forced to to: C:\Projetos\TestesWeb\Correios\results\geckodriver-1.log</msg>
<status status="PASS" starttime="20220126 20:03:37.155" endtime="20220126 20:03:45.196"></status>
</kw>
<status status="PASS" starttime="20220126 20:03:37.154" endtime="20220126 20:03:45.196"></status>
</kw>
<kw name="Acessar a página home do site" library="Resource">
<kw name="Go To" library="SeleniumLibrary">
<doc>Navigates the current browser window to the provided ``url``.</doc>
<arguments>
<arg>${URL}</arg>
</arguments>
<msg timestamp="20220126 20:03:45.199" level="INFO">Opening url 'https://buscacepinter.correios.com.br/app/endereco/index.php'</msg>
<status status="PASS" starttime="20220126 20:03:45.198" endtime="20220126 20:03:47.776"></status>
</kw>
<status status="PASS" starttime="20220126 20:03:45.197" endtime="20220126 20:03:47.777"></status>
</kw>
<kw name="Digitar um cep no campo de texto" library="Resource">
<kw name="Input Text" library="SeleniumLibrary">
<doc>Types the given ``text`` into the text field identified by ``locator``.</doc>
<arguments>
<arg>endereco</arg>
<arg>63048200</arg>
</arguments>
<msg timestamp="20220126 20:03:47.779" level="INFO">Typing text '63048200' into text field 'endereco'.</msg>
<status status="PASS" starttime="20220126 20:03:47.779" endtime="20220126 20:03:47.928"></status>
</kw>
<status status="PASS" starttime="20220126 20:03:47.778" endtime="20220126 20:03:47.928"></status>
</kw>
<kw name="Selecionar um item por index" library="Resource">
<kw name="Sleep" library="BuiltIn">
<doc>Pauses the test executed for the given time.</doc>
<arguments>
<arg>1</arg>
</arguments>
<msg timestamp="20220126 20:03:48.932" level="INFO">Slept 1 second</msg>
<status status="PASS" starttime="20220126 20:03:47.930" endtime="20220126 20:03:48.932"></status>
</kw>
<kw name="Select From List By Index" library="SeleniumLibrary">
<doc>Selects options from selection list ``locator`` by ``indexes``.</doc>
<arguments>
<arg>tipoCEP</arg>
<arg>0</arg>
</arguments>
<msg timestamp="20220126 20:03:48.933" level="INFO">Selecting options from selection list 'tipoCEP' by index 0.</msg>
<status status="PASS" starttime="20220126 20:03:48.932" endtime="20220126 20:03:49.202"></status>
</kw>
<kw name="Click Button" library="SeleniumLibrary">
<doc>Clicks the button identified by ``locator``.</doc>
<arguments>
<arg>btn_pesquisar</arg>
</arguments>
<msg timestamp="20220126 20:03:49.203" level="INFO">Clicking button 'btn_pesquisar'.</msg>
<status status="PASS" starttime="20220126 20:03:49.203" endtime="20220126 20:03:49.446"></status>
</kw>
<kw name="Wait Until Element Is Visible" library="SeleniumLibrary">
<doc>Waits until the element ``locator`` is visible.</doc>
<arguments>
<arg>navegacao-resultado</arg>
</arguments>
<status status="PASS" starttime="20220126 20:03:49.446" endtime="20220126 20:03:49.473"></status>
</kw>
<status status="PASS" starttime="20220126 20:03:47.929" endtime="20220126 20:03:49.473"></status>
</kw>
<kw name="Conferir Logradouro/Nome: &quot;Rua Vicente Ferreira Duarte&quot;" library="Resource">
<kw name="Page Should Contain Element" library="SeleniumLibrary">
<doc>Verifies that element ``locator`` is found on the current page.</doc>
<arguments>
<arg>navegacao-resultado</arg>
<arg>${RUA}</arg>
</arguments>
<msg timestamp="20220126 20:03:49.485" level="INFO">Current page contains element 'navegacao-resultado'.</msg>
<status status="PASS" starttime="20220126 20:03:49.475" endtime="20220126 20:03:49.485"></status>
</kw>
<status status="PASS" starttime="20220126 20:03:49.474" endtime="20220126 20:03:49.486"></status>
</kw>
<kw name="Conferir Bairro/Distrito: &quot;Cidade Universitária&quot;" library="Resource">
<kw name="Page Should Contain Element" library="SeleniumLibrary">
<doc>Verifies that element ``locator`` is found on the current page.</doc>
<arguments>
<arg>navegacao-resultado</arg>
<arg>${BAIRRO}</arg>
</arguments>
<msg timestamp="20220126 20:03:49.495" level="INFO">Current page contains element 'navegacao-resultado'.</msg>
<status status="PASS" starttime="20220126 20:03:49.488" endtime="20220126 20:03:49.495"></status>
</kw>
<status status="PASS" starttime="20220126 20:03:49.487" endtime="20220126 20:03:49.495"></status>
</kw>
<kw name="Conferir Localidade/UF: &quot;Juazeiro do Norte/CE&quot;" library="Resource">
<kw name="Page Should Contain Element" library="SeleniumLibrary">
<doc>Verifies that element ``locator`` is found on the current page.</doc>
<arguments>
<arg>navegacao-resultado</arg>
<arg>${CIDADE}</arg>
</arguments>
<msg timestamp="20220126 20:03:49.509" level="INFO">Current page contains element 'navegacao-resultado'.</msg>
<status status="PASS" starttime="20220126 20:03:49.498" endtime="20220126 20:03:49.509"></status>
</kw>
<status status="PASS" starttime="20220126 20:03:49.496" endtime="20220126 20:03:49.510"></status>
</kw>
<kw name="Conferir CEP: &quot;63048-200&quot;" library="Resource">
<kw name="Page Should Contain Element" library="SeleniumLibrary">
<doc>Verifies that element ``locator`` is found on the current page.</doc>
<arguments>
<arg>navegacao-resultado</arg>
<arg>${CEP}</arg>
</arguments>
<msg timestamp="20220126 20:03:49.524" level="INFO">Current page contains element 'navegacao-resultado'.</msg>
<status status="PASS" starttime="20220126 20:03:49.512" endtime="20220126 20:03:49.524"></status>
</kw>
<status status="PASS" starttime="20220126 20:03:49.511" endtime="20220126 20:03:49.525"></status>
</kw>
<kw name="Clicar no botão voltar" library="Resource">
<kw name="Click Button" library="SeleniumLibrary">
<doc>Clicks the button identified by ``locator``.</doc>
<arguments>
<arg>btn_voltar</arg>
</arguments>
<msg timestamp="20220126 20:03:49.527" level="INFO">Clicking button 'btn_voltar'.</msg>
<status status="PASS" starttime="20220126 20:03:49.527" endtime="20220126 20:03:49.928"></status>
</kw>
<status status="PASS" starttime="20220126 20:03:49.526" endtime="20220126 20:03:49.929"></status>
</kw>
<kw name=" Fechar navegador" library="Resource" type="teardown">
<kw name="Close Browser" library="SeleniumLibrary">
<doc>Closes the current browser.</doc>
<status status="PASS" starttime="20220126 20:03:49.962" endtime="20220126 20:03:51.552"></status>
</kw>
<status status="PASS" starttime="20220126 20:03:49.961" endtime="20220126 20:03:51.552"></status>
</kw>
<status status="PASS" starttime="20220126 20:03:37.153" endtime="20220126 20:03:51.553" critical="yes"></status>
</test>
<status status="PASS" starttime="20220126 20:03:36.723" endtime="20220126 20:03:51.555"></status>
</suite>
<statistics>
<total>
<stat pass="1" fail="0">Critical Tests</stat>
<stat pass="1" fail="0">All Tests</stat>
</total>
<tag>
</tag>
<suite>
<stat pass="1" fail="0" id="s1" name="TestesCorreios">TestesCorreios</stat>
</suite>
</statistics>
<errors>
</errors>
</robot>
