<?xml version="1.0" encoding="UTF-8"?>
<robot generator="Robot 3.2.2 (Python 3.10.2 on win32)" generated="20220201 20:40:32.782" rpa="false">
<suite id="s1" name="Teste" source="C:\Projetos\E-commerce\tests\teste.robot">
<test id="s1-t1" name="CT 01 - Pesquisar produto existe">
<kw name="Abrir navegador" library="Resource" type="setup">
<kw name="Open Browser" library="SeleniumLibrary">
<doc>Opens a new browser instance to the optional ``url``.</doc>
<arguments>
<arg>about:blank</arg>
<arg>${BROWSER}</arg>
</arguments>
<msg timestamp="20220201 20:40:33.208" level="INFO">Opening browser 'firefox' to base url 'about:blank'.</msg>
<msg timestamp="20220201 20:40:33.214" level="INFO">Firefox driver log is always forced to to: C:\Projetos\E-commerce\results\geckodriver-42.log</msg>
<status status="PASS" starttime="20220201 20:40:33.208" endtime="20220201 20:40:40.624"></status>
</kw>
<status status="PASS" starttime="20220201 20:40:33.207" endtime="20220201 20:40:40.624"></status>
</kw>
<kw name="Acessar pagina home" library="Home">
<kw name="Go To" library="SeleniumLibrary">
<doc>Navigates the current browser window to the provided ``url``.</doc>
<arguments>
<arg>${URL}</arg>
</arguments>
<msg timestamp="20220201 20:40:40.626" level="INFO">Opening url 'http://automationpratice.com.br/'</msg>
<status status="PASS" starttime="20220201 20:40:40.626" endtime="20220201 20:40:56.066"></status>
</kw>
<kw name="Title Should Be" library="SeleniumLibrary">
<doc>Verifies that the current page title equals ``title``.</doc>
<arguments>
<arg>${TITULO_HOME}</arg>
</arguments>
<msg timestamp="20220201 20:40:56.076" level="INFO">Page title is 'QAZANDO Shop E-Commerce'.</msg>
<status status="PASS" starttime="20220201 20:40:56.066" endtime="20220201 20:40:56.076"></status>
</kw>
<kw name="Wait Until Element Is Visible" library="SeleniumLibrary">
<doc>Waits until the element ``locator`` is visible.</doc>
<arguments>
<arg>${LUPA}</arg>
</arguments>
<status status="PASS" starttime="20220201 20:40:56.076" endtime="20220201 20:40:56.130"></status>
</kw>
<status status="PASS" starttime="20220201 20:40:40.625" endtime="20220201 20:40:56.131"></status>
</kw>
<kw name="Clicar no botão do carrinho" library="Home">
<kw name="Click Element" library="SeleniumLibrary">
<doc>Click the element identified by ``locator``.</doc>
<arguments>
<arg>${BTN_CARRINHO}</arg>
</arguments>
<msg timestamp="20220201 20:40:56.133" level="INFO">Clicking element 'xpath://*[@id="root"]/header//div/ul/li[2]/a'.</msg>
<status status="PASS" starttime="20220201 20:40:56.133" endtime="20220201 20:40:56.277"></status>
</kw>
<kw name="Wait Until Element Is Visible" library="SeleniumLibrary">
<doc>Waits until the element ``locator`` is visible.</doc>
<arguments>
<arg>${BTN_VER_CARRINHO}</arg>
</arguments>
<status status="PASS" starttime="20220201 20:40:56.278" endtime="20220201 20:40:56.575"></status>
</kw>
<kw name="Click Element" library="SeleniumLibrary">
<doc>Click the element identified by ``locator``.</doc>
<arguments>
<arg>${BTN_VER_CARRINHO}</arg>
</arguments>
<msg timestamp="20220201 20:40:56.576" level="INFO">Clicking element 'xpath://*[@id="offcanvas-add-cart"]//ul[2]/li[1]/a'.</msg>
<status status="PASS" starttime="20220201 20:40:56.575" endtime="20220201 20:40:56.889"></status>
</kw>
<status status="PASS" starttime="20220201 20:40:56.132" endtime="20220201 20:40:56.890"></status>
</kw>
<kw name="Verificar se o carrinho está vazio" library="Carrinho">
<kw name="Run Keyword And Return Status" library="BuiltIn">
<doc>Runs the given keyword with given arguments and returns the status as a Boolean value.</doc>
<arguments>
<arg>Element Should Be Visible</arg>
<arg>${MSG_CARRO_VAZIO}</arg>
</arguments>
<assign>
<var>${RESULT_VAZIO}</var>
</assign>
<kw name="Element Should Be Visible" library="SeleniumLibrary">
<doc>Verifies that the element identified by ``locator`` is visible.</doc>
<arguments>
<arg>${MSG_CARRO_VAZIO}</arg>
</arguments>
<msg timestamp="20220201 20:40:56.996" level="INFO" html="yes">&lt;/td&gt;&lt;/tr&gt;&lt;tr&gt;&lt;td colspan="3"&gt;&lt;a href="selenium-screenshot-41.png"&gt;&lt;img src="selenium-screenshot-41.png" width="800px"&gt;&lt;/a&gt;</msg>
<msg timestamp="20220201 20:40:57.001" level="FAIL">Element with locator 'xpath://*[@id="empty_cart_area"]/div//h3' not found.</msg>
<status status="FAIL" starttime="20220201 20:40:56.917" endtime="20220201 20:40:57.001"></status>
</kw>
<msg timestamp="20220201 20:40:57.001" level="INFO">${RESULT_VAZIO} = False</msg>
<status status="PASS" starttime="20220201 20:40:56.916" endtime="20220201 20:40:57.001"></status>
</kw>
<kw name="Run Keyword If" library="BuiltIn">
<doc>Runs the given keyword with the given arguments, if ``condition`` is true.</doc>
<arguments>
<arg>${RESULT_VAZIO}</arg>
<arg>Click Button</arg>
<arg>${BTN_CONTINUAR_COMPRANDO}</arg>
</arguments>
<status status="PASS" starttime="20220201 20:40:57.002" endtime="20220201 20:40:57.002"></status>
</kw>
<kw name="Run Keyword And Return Status" library="BuiltIn">
<doc>Runs the given keyword with given arguments and returns the status as a Boolean value.</doc>
<arguments>
<arg>Element Should Not Be Visible</arg>
<arg>${MSG_CARRO_VAZIO}</arg>
</arguments>
<assign>
<var>${RESULT_VAZIO}</var>
</assign>
<kw name="Element Should Not Be Visible" library="SeleniumLibrary">
<doc>Verifies that the element identified by ``locator`` is NOT visible.</doc>
<arguments>
<arg>${MSG_CARRO_VAZIO}</arg>
</arguments>
<msg timestamp="20220201 20:40:57.154" level="INFO">Element 'xpath://*[@id="empty_cart_area"]/div//h3' did not exist.</msg>
<status status="PASS" starttime="20220201 20:40:57.003" endtime="20220201 20:40:57.154"></status>
</kw>
<msg timestamp="20220201 20:40:57.155" level="INFO">${RESULT_VAZIO} = True</msg>
<status status="PASS" starttime="20220201 20:40:57.003" endtime="20220201 20:40:57.155"></status>
</kw>
<kw name="Run Keyword If" library="BuiltIn">
<doc>Runs the given keyword with the given arguments, if ``condition`` is true.</doc>
<arguments>
<arg>${RESULT_VAZIO}</arg>
<arg>Click Button</arg>
<arg>${BTN_LIMPAR_CARRINHO}</arg>
</arguments>
<kw name="Click Button" library="SeleniumLibrary">
<doc>Clicks the button identified by ``locator``.</doc>
<arguments>
<arg>${BTN_LIMPAR_CARRINHO}</arg>
</arguments>
<msg timestamp="20220201 20:40:57.156" level="INFO">Clicking button 'xpath://*[@id="cart_area_one"]//div[2]/button'.</msg>
<status status="PASS" starttime="20220201 20:40:57.156" endtime="20220201 20:40:57.444"></status>
</kw>
<status status="PASS" starttime="20220201 20:40:57.155" endtime="20220201 20:40:57.444"></status>
</kw>
<status status="PASS" starttime="20220201 20:40:56.916" endtime="20220201 20:40:57.445"></status>
</kw>
<kw name="Pesquisar produto existente" library="Home">
<kw name="Click Element" library="SeleniumLibrary">
<doc>Click the element identified by ``locator``.</doc>
<arguments>
<arg>${LUPA}</arg>
</arguments>
<msg timestamp="20220201 20:40:57.447" level="INFO">Clicking element 'xpath://*[@id="root"]//ul/li[3]/a/img'.</msg>
<status status="PASS" starttime="20220201 20:40:57.447" endtime="20220201 20:40:57.516"></status>
</kw>
<kw name="Wait Until Element Is Visible" library="SeleniumLibrary">
<doc>Waits until the element ``locator`` is visible.</doc>
<arguments>
<arg>${PESQUISA_PRODUTO}</arg>
</arguments>
<status status="PASS" starttime="20220201 20:40:57.517" endtime="20220201 20:40:57.785"></status>
</kw>
<kw name="Input Text" library="SeleniumLibrary">
<doc>Types the given ``text`` into the text field identified by ``locator``.</doc>
<arguments>
<arg>${PESQUISA_PRODUTO}</arg>
<arg>${PRODUTO}</arg>
</arguments>
<msg timestamp="20220201 20:40:57.785" level="INFO">Typing text 'T-shirt For Men' into text field 'xpath://*[@id="search"]//input'.</msg>
<status status="PASS" starttime="20220201 20:40:57.785" endtime="20220201 20:40:57.884"></status>
</kw>
<status status="PASS" starttime="20220201 20:40:57.446" endtime="20220201 20:40:57.884"></status>
</kw>
<kw name="Clicar no botão pesquisar" library="Home">
<kw name="Click Button" library="SeleniumLibrary">
<doc>Clicks the button identified by ``locator``.</doc>
<arguments>
<arg>${BTN_PESQUISA}</arg>
</arguments>
<msg timestamp="20220201 20:40:57.886" level="INFO">Clicking button 'xpath://form/button'.</msg>
<status status="PASS" starttime="20220201 20:40:57.886" endtime="20220201 20:40:58.354"></status>
</kw>
<kw name="Wait Until Element Is Visible" library="SeleniumLibrary">
<doc>Waits until the element ``locator`` is visible.</doc>
<arguments>
<arg>${BTN_CONFIRMA}</arg>
</arguments>
<status status="PASS" starttime="20220201 20:40:58.354" endtime="20220201 20:40:58.678"></status>
</kw>
<kw name="Click Element" library="SeleniumLibrary">
<doc>Click the element identified by ``locator``.</doc>
<arguments>
<arg>${BTN_CONFIRMA}</arg>
</arguments>
<msg timestamp="20220201 20:40:58.680" level="INFO">Clicking element 'xpath://div[3]//div[6]/button[1]'.</msg>
<status status="PASS" starttime="20220201 20:40:58.678" endtime="20220201 20:40:58.984"></status>
</kw>
<status status="PASS" starttime="20220201 20:40:57.885" endtime="20220201 20:40:58.984"></status>
</kw>
<kw name="Clicar no botão &quot;Add to Cart&quot; do produto" library="Home">
<kw name="Mouse Over" library="SeleniumLibrary">
<doc>Simulates hovering the mouse over the element ``locator``.</doc>
<arguments>
<arg>${ADD_PROD_EXISTENTE}</arg>
</arguments>
<msg timestamp="20220201 20:40:59.044" level="INFO">Simulating Mouse Over on element 'xpath://div[2]/div/div[1]/button'.</msg>
<status status="PASS" starttime="20220201 20:40:59.041" endtime="20220201 20:40:59.363"></status>
</kw>
<kw name="Wait Until Element Is Visible" library="SeleniumLibrary">
<doc>Waits until the element ``locator`` is visible.</doc>
<arguments>
<arg>${ADD_PROD_EXISTENTE}</arg>
</arguments>
<status status="PASS" starttime="20220201 20:40:59.363" endtime="20220201 20:40:59.395"></status>
</kw>
<kw name="Click Button" library="SeleniumLibrary">
<doc>Clicks the button identified by ``locator``.</doc>
<arguments>
<arg>${ADD_PROD_EXISTENTE}</arg>
</arguments>
<msg timestamp="20220201 20:40:59.396" level="INFO">Clicking button 'xpath://div[2]/div/div[1]/button'.</msg>
<status status="PASS" starttime="20220201 20:40:59.395" endtime="20220201 20:40:59.756"></status>
</kw>
<status status="PASS" starttime="20220201 20:40:59.040" endtime="20220201 20:40:59.757"></status>
</kw>
<kw name="Fechar navegador" library="Resource" type="teardown">
<kw name="Close Browser" library="SeleniumLibrary">
<doc>Closes the current browser.</doc>
<status status="PASS" starttime="20220201 20:40:59.759" endtime="20220201 20:41:01.089"></status>
</kw>
<status status="PASS" starttime="20220201 20:40:59.758" endtime="20220201 20:41:01.089"></status>
</kw>
<status status="PASS" starttime="20220201 20:40:33.206" endtime="20220201 20:41:01.101" critical="yes"></status>
</test>
<test id="s1-t2" name="CT 02 - Cadastrar novo usuário">
<kw name="Abrir navegador" library="Resource" type="setup">
<kw name="Open Browser" library="SeleniumLibrary">
<doc>Opens a new browser instance to the optional ``url``.</doc>
<arguments>
<arg>about:blank</arg>
<arg>${BROWSER}</arg>
</arguments>
<msg timestamp="20220201 20:41:01.114" level="INFO">Opening browser 'firefox' to base url 'about:blank'.</msg>
<msg timestamp="20220201 20:41:01.119" level="INFO">Firefox driver log is always forced to to: C:\Projetos\E-commerce\results\geckodriver-43.log</msg>
<status status="PASS" starttime="20220201 20:41:01.113" endtime="20220201 20:41:08.578"></status>
</kw>
<status status="PASS" starttime="20220201 20:41:01.112" endtime="20220201 20:41:08.579"></status>
</kw>
<kw name="Acessar pagina home" library="Home">
<kw name="Go To" library="SeleniumLibrary">
<doc>Navigates the current browser window to the provided ``url``.</doc>
<arguments>
<arg>${URL}</arg>
</arguments>
<msg timestamp="20220201 20:41:08.581" level="INFO">Opening url 'http://automationpratice.com.br/'</msg>
<status status="PASS" starttime="20220201 20:41:08.580" endtime="20220201 20:41:24.380"></status>
</kw>
<kw name="Title Should Be" library="SeleniumLibrary">
<doc>Verifies that the current page title equals ``title``.</doc>
<arguments>
<arg>${TITULO_HOME}</arg>
</arguments>
<msg timestamp="20220201 20:41:24.405" level="INFO">Page title is 'QAZANDO Shop E-Commerce'.</msg>
<status status="PASS" starttime="20220201 20:41:24.380" endtime="20220201 20:41:24.406"></status>
</kw>
<kw name="Wait Until Element Is Visible" library="SeleniumLibrary">
<doc>Waits until the element ``locator`` is visible.</doc>
<arguments>
<arg>${LUPA}</arg>
</arguments>
<status status="PASS" starttime="20220201 20:41:24.406" endtime="20220201 20:41:24.497"></status>
</kw>
<status status="PASS" starttime="20220201 20:41:08.579" endtime="20220201 20:41:24.497"></status>
</kw>
<kw name="Cadastrar novo usuário" library="Home">
<kw name="Wait Until Element Is Visible" library="SeleniumLibrary">
<doc>Waits until the element ``locator`` is visible.</doc>
<arguments>
<arg>${BTN_CADASTRO}</arg>
</arguments>
<status status="PASS" starttime="20220201 20:41:24.499" endtime="20220201 20:41:24.538"></status>
</kw>
<kw name="Click Element" library="SeleniumLibrary">
<doc>Click the element identified by ``locator``.</doc>
<arguments>
<arg>${BTN_CADASTRO}</arg>
</arguments>
<msg timestamp="20220201 20:41:24.540" level="INFO">Clicking element 'xpath://*[@id="top_header"]//div/ul/li[2]/a'.</msg>
<status status="PASS" starttime="20220201 20:41:24.539" endtime="20220201 20:41:24.913"></status>
</kw>
<status status="PASS" starttime="20220201 20:41:24.498" endtime="20220201 20:41:24.914"></status>
</kw>
<kw name="Digitar nome no campo Username" library="NovoUsuário">
<kw name="Wait Until Element Is Visible" library="SeleniumLibrary">
<doc>Waits until the element ``locator`` is visible.</doc>
<arguments>
<arg>${USER}</arg>
</arguments>
<status status="PASS" starttime="20220201 20:41:24.916" endtime="20220201 20:41:25.002"></status>
</kw>
<kw name="Input Text" library="SeleniumLibrary">
<doc>Types the given ``text`` into the text field identified by ``locator``.</doc>
<arguments>
<arg>${USER}</arg>
<arg>${NOME_USUARIO}</arg>
</arguments>
<msg timestamp="20220201 20:41:25.003" level="INFO">Typing text 'Teste da Silva' into text field 'user'.</msg>
<status status="PASS" starttime="20220201 20:41:25.002" endtime="20220201 20:41:25.168"></status>
</kw>
<status status="PASS" starttime="20220201 20:41:24.915" endtime="20220201 20:41:25.169"></status>
</kw>
<kw name="Digitar e-mail no campo e-mail" library="NovoUsuário">
<kw name="Wait Until Element Is Visible" library="SeleniumLibrary">
<doc>Waits until the element ``locator`` is visible.</doc>
<arguments>
<arg>${EMAIL}</arg>
</arguments>
<status status="PASS" starttime="20220201 20:41:25.174" endtime="20220201 20:41:25.258"></status>
</kw>
<kw name="Input Text" library="SeleniumLibrary">
<doc>Types the given ``text`` into the text field identified by ``locator``.</doc>
<arguments>
<arg>${EMAIL}</arg>
<arg>${E-MAIL_USUARIO}</arg>
</arguments>
<msg timestamp="20220201 20:41:25.259" level="INFO">Typing text 'teste@dasilva.com' into text field 'email'.</msg>
<status status="PASS" starttime="20220201 20:41:25.258" endtime="20220201 20:41:25.358"></status>
</kw>
<status status="PASS" starttime="20220201 20:41:25.173" endtime="20220201 20:41:25.358"></status>
</kw>
<kw name="Digitar senha no campo password" library="NovoUsuário">
<kw name="Wait Until Element Is Visible" library="SeleniumLibrary">
<doc>Waits until the element ``locator`` is visible.</doc>
<arguments>
<arg>${PASSWORD}</arg>
</arguments>
<status status="PASS" starttime="20220201 20:41:25.360" endtime="20220201 20:41:25.471"></status>
</kw>
<kw name="Input Text" library="SeleniumLibrary">
<doc>Types the given ``text`` into the text field identified by ``locator``.</doc>
<arguments>
<arg>${PASSWORD}</arg>
<arg>${SENHA_USUARIO}</arg>
</arguments>
<msg timestamp="20220201 20:41:25.472" level="INFO">Typing text '123456' into text field 'password'.</msg>
<status status="PASS" starttime="20220201 20:41:25.471" endtime="20220201 20:41:25.532"></status>
</kw>
<status status="PASS" starttime="20220201 20:41:25.359" endtime="20220201 20:41:25.533"></status>
</kw>
<kw name="Clicar no botão Register" library="NovoUsuário">
<kw name="Click Button" library="SeleniumLibrary">
<doc>Clicks the button identified by ``locator``.</doc>
<arguments>
<arg>${BTN_REGISTRAR}</arg>
</arguments>
<msg timestamp="20220201 20:41:25.536" level="INFO">Clicking button 'btnRegister'.</msg>
<status status="PASS" starttime="20220201 20:41:25.535" endtime="20220201 20:41:25.848"></status>
</kw>
<status status="PASS" starttime="20220201 20:41:25.534" endtime="20220201 20:41:25.849"></status>
</kw>
<kw name="Clicar no botao ok de confirmação de cadastro" library="NovoUsuário">
<kw name="Wait Until Element Is Visible" library="SeleniumLibrary">
<doc>Waits until the element ``locator`` is visible.</doc>
<arguments>
<arg>${BTN_CONFIRMAR}</arg>
</arguments>
<status status="PASS" starttime="20220201 20:41:25.851" endtime="20220201 20:41:26.175"></status>
</kw>
<kw name="Click Element" library="SeleniumLibrary">
<doc>Click the element identified by ``locator``.</doc>
<arguments>
<arg>${BTN_CONFIRMAR}</arg>
</arguments>
<msg timestamp="20220201 20:41:26.176" level="INFO">Clicking element 'xpath://div[6]/button[1]'.</msg>
<status status="PASS" starttime="20220201 20:41:26.175" endtime="20220201 20:41:26.476"></status>
</kw>
<status status="PASS" starttime="20220201 20:41:25.850" endtime="20220201 20:41:26.476"></status>
</kw>
<kw name="Fechar navegador" library="Resource" type="teardown">
<kw name="Close Browser" library="SeleniumLibrary">
<doc>Closes the current browser.</doc>
<status status="PASS" starttime="20220201 20:41:26.479" endtime="20220201 20:41:28.247"></status>
</kw>
<status status="PASS" starttime="20220201 20:41:26.478" endtime="20220201 20:41:28.247"></status>
</kw>
<status status="PASS" starttime="20220201 20:41:01.110" endtime="20220201 20:41:28.248" critical="yes"></status>
</test>
<status status="PASS" starttime="20220201 20:40:32.785" endtime="20220201 20:41:28.252"></status>
</suite>
<statistics>
<total>
<stat pass="2" fail="0">Critical Tests</stat>
<stat pass="2" fail="0">All Tests</stat>
</total>
<tag>
</tag>
<suite>
<stat pass="2" fail="0" id="s1" name="Teste">Teste</stat>
</suite>
</statistics>
<errors>
</errors>
</robot>
